0 info it worked if it ends with ok
1 verbose cli [ '/usr/local/bin/node', '/usr/local/bin/npm', 'run', 'build' ]
2 info using npm@5.0.0
3 info using node@v8.0.0
4 verbose run-script [ 'prebuild', 'build', 'postbuild' ]
5 info lifecycle sample-printer@0.1.0~prebuild: sample-printer@0.1.0
6 silly lifecycle sample-printer@0.1.0~prebuild: no script for prebuild, continuing
7 info lifecycle sample-printer@0.1.0~build: sample-printer@0.1.0
8 verbose lifecycle sample-printer@0.1.0~build: unsafe-perm in lifecycle true
9 verbose lifecycle sample-printer@0.1.0~build: PATH: /usr/local/lib/node_modules/npm/bin/node-gyp-bin:/home/andro/smartd.workspace/pos-space/sample-printer/node_modules/.bin:/home/andro/bin:/home/andro/.local/bin:/usr/local/sbin:/usr/local/bin:/usr/sbin:/usr/bin:/sbin:/bin:/usr/games:/usr/local/games:/snap/bin:/usr/lib/jvm/java-8-oracle/bin:/usr/lib/jvm/java-8-oracle/db/bin:/usr/lib/jvm/java-8-oracle/jre/bin
10 verbose lifecycle sample-printer@0.1.0~build: CWD: /home/andro/smartd.workspace/pos-space/sample-printer
11 silly lifecycle sample-printer@0.1.0~build: Args: [ '-c', 'react-scripts build' ]
12 silly lifecycle sample-printer@0.1.0~build: Returned: code: 1  signal: null
13 info lifecycle sample-printer@0.1.0~build: Failed to exec build script
14 verbose stack Error: sample-printer@0.1.0 build: `react-scripts build`
14 verbose stack Exit status 1
14 verbose stack     at EventEmitter.<anonymous> (/usr/local/lib/node_modules/npm/lib/utils/lifecycle.js:283:16)
14 verbose stack     at emitTwo (events.js:125:13)
14 verbose stack     at EventEmitter.emit (events.js:213:7)
14 verbose stack     at ChildProcess.<anonymous> (/usr/local/lib/node_modules/npm/lib/utils/spawn.js:40:14)
14 verbose stack     at emitTwo (events.js:125:13)
14 verbose stack     at ChildProcess.emit (events.js:213:7)
14 verbose stack     at maybeClose (internal/child_process.js:887:16)
14 verbose stack     at Process.ChildProcess._handle.onexit (internal/child_process.js:208:5)
15 verbose pkgid sample-printer@0.1.0
16 verbose cwd /home/andro/smartd.workspace/pos-space/sample-printer
17 verbose Linux 4.4.0-75-generic
18 verbose argv "/usr/local/bin/node" "/usr/local/bin/npm" "run" "build"
19 verbose node v8.0.0
20 verbose npm  v5.0.0
21 error code ELIFECYCLE
22 error errno 1
23 error sample-printer@0.1.0 build: `react-scripts build`
23 error Exit status 1
24 error Failed at the sample-printer@0.1.0 build script.
24 error This is probably not a problem with npm. There is likely additional logging output above.
25 verbose exit [ 1, true ]
